<?xml version="1.0" encoding="UTF-8"?>
<!-- Generated by org.testng.reporters.JUnitReportReporter -->
<testsuite skipped="0" hostname="SREESAI-305" name="OJT.Selenium" tests="1" failures="0" timestamp="2021-12-22T16:03:24 IST" time="10.736" errors="0">
  <testcase name="test" time="10.736" classname="OJT.Selenium"/>
  <system-out/>
</testsuite> <!-- OJT.Selenium -->
